2018-02-12 23:02:08 [main] INFO  AppLogger:47 - ================LogStarted=================
2018-02-12 23:02:08 [main] INFO  AppLogger:48 - Primary setup Started
2018-02-12 23:02:56 [main] INFO  AppLogger:59 - Login Successfull.
2018-02-12 23:03:12 [main] INFO  AppLogger:88 - TC_2 test is Passed.
2018-02-12 23:03:16 [main] INFO  AppLogger:88 - TC_2 test is Passed.
2018-02-12 23:03:19 [main] INFO  AppLogger:88 - TC_2 test is Passed.
2018-02-13 00:37:52 [main] INFO  AppLogger:48 - ================LogStarted=================
2018-02-13 00:37:52 [main] INFO  AppLogger:49 - Primary setup Started
2018-02-13 00:38:34 [main] INFO  AppLogger:60 - Login Successfull.
2018-02-13 00:38:43 [main] INFO  AppLogger:89 - TC_2 test is Passed.
2018-02-13 00:38:46 [main] INFO  AppLogger:89 - TC_2 test is Passed.
2018-02-13 00:38:49 [main] INFO  AppLogger:89 - TC_2 test is Passed.
2018-02-13 00:42:51 [main] INFO  AppLogger:48 - ================LogStarted=================
2018-02-13 00:42:51 [main] INFO  AppLogger:49 - Primary setup Started
2018-02-13 00:43:33 [main] INFO  AppLogger:60 - Login Successfull.
2018-02-13 00:43:44 [main] INFO  AppLogger:89 - TC_2 test is Passed.
2018-02-13 00:43:48 [main] INFO  AppLogger:89 - TC_2 test is Passed.
2018-02-13 00:43:51 [main] INFO  AppLogger:89 - TC_2 test is Passed.
2018-02-13 00:44:01 [main] INFO  AppLogger:113 - Logout Successful
2018-02-13 01:04:31 [main] INFO  AppLogger:50 - ================LogStarted=================
2018-02-13 01:04:31 [main] INFO  AppLogger:51 - Primary setup Started
2018-02-13 01:05:11 [main] INFO  AppLogger:62 - Login Successfull.
2018-02-13 01:06:10 [main] INFO  AppLogger:100 - TC_2 test is FAiled.
2018-02-13 01:06:12 [main] INFO  AppLogger:100 - TC_2 test is FAiled.
2018-02-13 01:06:14 [main] INFO  AppLogger:100 - TC_2 test is FAiled.
2018-02-13 01:06:24 [main] INFO  AppLogger:116 - Logout Successful
2018-02-13 01:06:25 [main] INFO  AppLogger:126 - ================LogEnded=================
2018-02-13 01:09:07 [main] INFO  AppLogger:50 - ================LogStarted=================
2018-02-13 01:09:07 [main] INFO  AppLogger:51 - Primary setup Started
2018-02-13 01:09:51 [main] INFO  AppLogger:62 - Login Successfull.
2018-02-13 01:10:02 [main] INFO  AppLogger:92 - TC_2 test is Passed.
2018-02-13 01:10:06 [main] INFO  AppLogger:92 - TC_2 test is Passed.
2018-02-13 01:10:09 [main] INFO  AppLogger:92 - TC_2 test is Passed.
2018-02-13 01:10:19 [main] INFO  AppLogger:116 - Logout Successful
2018-02-13 01:10:20 [main] INFO  AppLogger:126 - ================LogEnded=================
2018-02-13 01:18:44 [main] INFO  AppLogger:50 - ================LogStarted=================
2018-02-13 01:18:44 [main] INFO  AppLogger:51 - Primary setup Started
2018-02-13 01:19:22 [main] INFO  AppLogger:62 - Login Successfull.
2018-02-13 01:19:33 [main] INFO  AppLogger:92 - TC_2 test is Passed.
2018-02-13 01:19:37 [main] INFO  AppLogger:92 - TC_2 test is Passed.
2018-02-13 01:19:41 [main] INFO  AppLogger:92 - TC_2 test is Passed.
2018-02-13 01:19:51 [main] INFO  AppLogger:116 - Logout Successful
2018-02-13 01:19:53 [main] INFO  AppLogger:126 - ================LogEnded=================
2018-02-13 01:19:59 [main] INFO  AppLogger:138 - Could not able to sent email due to some issue
2018-02-13 01:30:16 [main] INFO  AppLogger:50 - ================LogStarted=================
2018-02-13 01:30:16 [main] INFO  AppLogger:51 - Primary setup Started
2018-02-13 01:31:03 [main] INFO  AppLogger:62 - Login Successfull.
2018-02-13 01:31:12 [main] INFO  AppLogger:92 - TC_2 test is Passed.
2018-02-13 01:31:16 [main] INFO  AppLogger:92 - TC_2 test is Passed.
2018-02-13 01:31:20 [main] INFO  AppLogger:92 - TC_2 test is Passed.
2018-02-13 01:31:30 [main] INFO  AppLogger:116 - Logout Successful
2018-02-13 01:31:32 [main] INFO  AppLogger:126 - ================LogEnded=================
2018-02-13 01:31:37 [main] INFO  AppLogger:138 - Could not able to sent email due to some issue
2018-02-13 01:36:25 [main] INFO  AppLogger:50 - ================LogStarted=================
2018-02-13 01:36:25 [main] INFO  AppLogger:51 - Primary setup Started
2018-02-13 01:37:07 [main] INFO  AppLogger:62 - Login Successfull.
2018-02-13 01:37:15 [main] INFO  AppLogger:92 - TC_2 test is Passed.
2018-02-13 01:37:19 [main] INFO  AppLogger:92 - TC_2 test is Passed.
2018-02-13 01:37:23 [main] INFO  AppLogger:92 - TC_2 test is Passed.
2018-02-13 01:37:33 [main] INFO  AppLogger:116 - Logout Successful
2018-02-13 01:37:44 [main] INFO  AppLogger:126 - ================LogEnded=================
2018-02-13 01:37:52 [main] INFO  AppLogger:138 - Could not able to sent email due to some issue
2018-02-13 21:33:49 [main] INFO  AppLogger:50 - ================LogStarted=================
2018-02-13 21:33:49 [main] INFO  AppLogger:51 - Primary setup Started
2018-02-13 21:35:02 [main] INFO  AppLogger:62 - Login Successfull.
2018-02-13 21:36:07 [main] INFO  AppLogger:100 - TC_2 test is FAiled.
2018-02-13 21:36:11 [main] INFO  AppLogger:92 - TC_2 test is Passed.
2018-02-13 21:36:14 [main] INFO  AppLogger:92 - TC_2 test is Passed.
2018-02-13 21:36:24 [main] INFO  AppLogger:116 - Logout Successful
2018-02-13 21:36:27 [main] INFO  AppLogger:126 - ================LogEnded=================
2018-02-13 21:36:31 [main] INFO  AppLogger:134 - Email sent Successfully
2018-02-13 21:42:16 [main] INFO  AppLogger:50 - ================LogStarted=================
2018-02-13 21:42:16 [main] INFO  AppLogger:51 - Primary setup Started
2018-02-13 21:43:12 [main] INFO  AppLogger:62 - Login Successfull.
2018-02-13 21:43:23 [main] INFO  AppLogger:92 - TC_2 test is Passed.
2018-02-13 21:43:26 [main] INFO  AppLogger:92 - TC_2 test is Passed.
2018-02-13 21:43:28 [main] INFO  AppLogger:92 - TC_2 test is Passed.
2018-02-13 21:43:38 [main] INFO  AppLogger:116 - Logout Successful
2018-02-13 21:43:39 [main] INFO  AppLogger:126 - ================LogEnded=================
2018-02-13 21:43:45 [main] INFO  AppLogger:138 - Could not able to sent email due to some issue
2018-02-13 21:48:36 [main] INFO  AppLogger:50 - ================LogStarted=================
2018-02-13 21:48:36 [main] INFO  AppLogger:51 - Primary setup Started
2018-02-13 21:49:22 [main] INFO  AppLogger:62 - Login Successfull.
2018-02-13 21:49:34 [main] INFO  AppLogger:92 - TC_2 test is Passed.
2018-02-13 21:49:37 [main] INFO  AppLogger:92 - TC_2 test is Passed.
2018-02-13 21:49:39 [main] INFO  AppLogger:92 - TC_2 test is Passed.
2018-02-13 21:49:49 [main] INFO  AppLogger:116 - Logout Successful
2018-02-13 21:49:50 [main] INFO  AppLogger:126 - ================LogEnded=================
2018-02-13 21:49:56 [main] INFO  AppLogger:138 - Could not able to sent email due to some issue
2018-02-13 23:17:05 [main] INFO  AppLogger:50 - ================LogStarted=================
2018-02-13 23:17:05 [main] INFO  AppLogger:51 - Primary setup Started
2018-02-13 23:18:02 [main] INFO  AppLogger:62 - Login Successfull.
2018-02-13 23:18:10 [main] INFO  AppLogger:92 - TC_2 test is Passed.
2018-02-13 23:18:12 [main] INFO  AppLogger:92 - TC_2 test is Passed.
2018-02-13 23:18:15 [main] INFO  AppLogger:92 - TC_2 test is Passed.
2018-02-13 23:18:25 [main] INFO  AppLogger:116 - Logout Successful
2018-02-13 23:18:27 [main] INFO  AppLogger:126 - ================LogEnded=================
2018-02-13 23:18:34 [main] INFO  AppLogger:138 - Could not able to sent email due to some issue
2018-02-13 23:29:34 [main] INFO  AppLogger:50 - ================LogStarted=================
2018-02-13 23:29:34 [main] INFO  AppLogger:51 - Primary setup Started
2018-02-13 23:30:23 [main] INFO  AppLogger:62 - Login Successfull.
2018-02-13 23:30:34 [main] INFO  AppLogger:92 - TC_2 test is Passed.
2018-02-13 23:30:37 [main] INFO  AppLogger:92 - TC_2 test is Passed.
2018-02-13 23:30:39 [main] INFO  AppLogger:92 - TC_2 test is Passed.
2018-02-13 23:30:49 [main] INFO  AppLogger:116 - Logout Successful
2018-02-13 23:30:50 [main] INFO  AppLogger:126 - ================LogEnded=================
2018-02-13 23:31:03 [main] INFO  AppLogger:138 - Could not able to sent email due to some issue
2018-02-15 00:02:09 [main] INFO  AppLogger:50 - ================LogStarted=================
2018-02-15 00:02:09 [main] INFO  AppLogger:51 - Primary setup Started
2018-02-15 00:03:30 [main] INFO  AppLogger:62 - Login Successfull.
2018-02-15 00:03:42 [main] INFO  AppLogger:92 - TC_2 test is Passed.
2018-02-15 00:03:44 [main] INFO  AppLogger:92 - TC_2 test is Passed.
2018-02-15 00:03:46 [main] INFO  AppLogger:92 - TC_2 test is Passed.
2018-02-15 00:03:56 [main] INFO  AppLogger:116 - Logout Successful
2018-02-15 00:03:58 [main] INFO  AppLogger:126 - ================LogEnded=================
2018-02-15 00:04:07 [main] INFO  AppLogger:138 - Could not able to sent email due to some issue
2018-02-15 00:20:57 [main] INFO  AppLogger:50 - ================LogStarted=================
2018-02-15 00:20:57 [main] INFO  AppLogger:51 - Primary setup Started
2018-02-15 00:22:00 [main] INFO  AppLogger:62 - Login Successfull.
2018-02-15 00:22:12 [main] INFO  AppLogger:92 - TC_2 test is Passed.
2018-02-15 00:22:14 [main] INFO  AppLogger:92 - TC_2 test is Passed.
2018-02-15 00:22:16 [main] INFO  AppLogger:92 - TC_2 test is Passed.
2018-02-15 00:22:27 [main] INFO  AppLogger:116 - Logout Successful
2018-02-15 00:22:28 [main] INFO  AppLogger:126 - ================LogEnded=================
2018-02-15 00:22:36 [main] INFO  AppLogger:138 - Could not able to sent email due to some issue
2018-02-15 00:24:29 [main] INFO  AppLogger:50 - ================LogStarted=================
2018-02-15 00:24:29 [main] INFO  AppLogger:51 - Primary setup Started
2018-02-15 00:25:45 [main] INFO  AppLogger:62 - Login Successfull.
2018-02-15 00:25:54 [main] INFO  AppLogger:92 - TC_2 test is Passed.
2018-02-15 00:25:56 [main] INFO  AppLogger:92 - TC_2 test is Passed.
2018-02-15 00:25:58 [main] INFO  AppLogger:92 - TC_2 test is Passed.
2018-02-15 00:26:09 [main] INFO  AppLogger:116 - Logout Successful
2018-02-15 00:26:09 [main] INFO  AppLogger:126 - ================LogEnded=================
2018-02-15 00:26:17 [main] INFO  AppLogger:138 - Could not able to sent email due to some issue
2018-02-15 00:35:52 [main] INFO  AppLogger:50 - ================LogStarted=================
2018-02-15 00:35:52 [main] INFO  AppLogger:51 - Primary setup Started
2018-02-15 00:36:56 [main] INFO  AppLogger:62 - Login Successfull.
2018-02-15 00:37:03 [main] INFO  AppLogger:92 - TC_2 test is Passed.
2018-02-15 00:37:05 [main] INFO  AppLogger:92 - TC_2 test is Passed.
2018-02-15 00:37:07 [main] INFO  AppLogger:92 - TC_2 test is Passed.
2018-02-15 00:37:17 [main] INFO  AppLogger:116 - Logout Successful
2018-02-15 00:37:18 [main] INFO  AppLogger:126 - ================LogEnded=================
2018-02-15 00:37:23 [main] INFO  AppLogger:138 - Could not able to sent email due to some issue
2018-02-15 00:52:18 [main] INFO  AppLogger:50 - ================LogStarted=================
2018-02-15 00:52:18 [main] INFO  AppLogger:51 - Primary setup Started
2018-02-15 00:53:09 [main] INFO  AppLogger:62 - Login Successfull.
2018-02-15 00:53:16 [main] INFO  AppLogger:92 - TC_2 test is Passed.
2018-02-15 00:53:18 [main] INFO  AppLogger:92 - TC_2 test is Passed.
2018-02-15 00:53:21 [main] INFO  AppLogger:92 - TC_2 test is Passed.
2018-02-15 00:53:31 [main] INFO  AppLogger:116 - Logout Successful
2018-02-15 00:53:32 [main] INFO  AppLogger:126 - ================LogEnded=================
2018-02-15 00:53:38 [main] INFO  AppLogger:138 - Could not able to sent email due to some issue
2018-02-15 00:54:20 [main] INFO  AppLogger:50 - ================LogStarted=================
2018-02-15 00:54:20 [main] INFO  AppLogger:51 - Primary setup Started
2018-02-15 00:55:08 [main] INFO  AppLogger:62 - Login Successfull.
2018-02-15 00:55:16 [main] INFO  AppLogger:92 - TC_2 test is Passed.
2018-02-15 00:55:18 [main] INFO  AppLogger:92 - TC_2 test is Passed.
2018-02-15 00:55:20 [main] INFO  AppLogger:92 - TC_2 test is Passed.
2018-02-15 00:55:30 [main] INFO  AppLogger:116 - Logout Successful
2018-02-15 00:55:32 [main] INFO  AppLogger:126 - ================LogEnded=================
2018-02-15 00:55:36 [main] INFO  AppLogger:138 - Could not able to sent email due to some issue
2018-02-15 00:55:56 [main] INFO  AppLogger:50 - ================LogStarted=================
2018-02-15 00:55:56 [main] INFO  AppLogger:51 - Primary setup Started
2018-02-15 00:56:36 [main] INFO  AppLogger:62 - Login Successfull.
2018-02-15 00:56:44 [main] INFO  AppLogger:92 - TC_2 test is Passed.
2018-02-15 00:56:46 [main] INFO  AppLogger:92 - TC_2 test is Passed.
2018-02-15 00:56:48 [main] INFO  AppLogger:92 - TC_2 test is Passed.
2018-02-15 00:56:59 [main] INFO  AppLogger:116 - Logout Successful
2018-02-15 00:57:00 [main] INFO  AppLogger:126 - ================LogEnded=================
2018-02-15 00:57:04 [main] INFO  AppLogger:138 - Could not able to sent email due to some issue
2018-02-15 00:59:01 [main] INFO  AppLogger:50 - ================LogStarted=================
2018-02-15 00:59:01 [main] INFO  AppLogger:51 - Primary setup Started
2018-02-15 00:59:45 [main] INFO  AppLogger:62 - Login Successfull.
2018-02-15 00:59:53 [main] INFO  AppLogger:92 - TC_2 test is Passed.
2018-02-15 00:59:55 [main] INFO  AppLogger:92 - TC_2 test is Passed.
2018-02-15 00:59:57 [main] INFO  AppLogger:92 - TC_2 test is Passed.
2018-02-15 01:00:08 [main] INFO  AppLogger:116 - Logout Successful
2018-02-15 01:00:09 [main] INFO  AppLogger:126 - ================LogEnded=================
2018-02-15 01:00:17 [main] INFO  AppLogger:134 - Email sent Successfully
2018-02-17 00:14:58 [main] INFO  AppLogger:50 - ================LogStarted=================
2018-02-17 00:14:58 [main] INFO  AppLogger:51 - Primary setup Started
2018-02-17 00:16:08 [main] INFO  AppLogger:62 - Login Successfull.
2018-02-17 00:16:19 [main] INFO  AppLogger:92 - TC_2 test is Passed.
2018-02-17 00:16:21 [main] INFO  AppLogger:92 - TC_2 test is Passed.
2018-02-17 00:16:24 [main] INFO  AppLogger:92 - TC_2 test is Passed.
2018-02-17 00:16:34 [main] INFO  AppLogger:116 - Logout Successful
2018-02-17 00:16:36 [main] INFO  AppLogger:126 - ================LogEnded=================
2018-02-17 00:16:46 [main] INFO  AppLogger:134 - Email sent Successfully
2018-02-18 20:41:31 [main] INFO  AppLogger:50 - ================LogStarted=================
2018-02-18 20:41:31 [main] INFO  AppLogger:51 - Primary setup Started
2018-02-18 20:42:18 [main] INFO  AppLogger:62 - Login Successfull.
2018-02-18 20:42:24 [main] INFO  AppLogger:92 - TC_2 test is Passed.
2018-02-18 20:42:26 [main] INFO  AppLogger:92 - TC_2 test is Passed.
2018-02-18 20:42:29 [main] INFO  AppLogger:92 - TC_2 test is Passed.
2018-02-18 20:42:40 [main] INFO  AppLogger:126 - ================LogEnded=================
2018-02-27 11:34:26 [main] INFO  AppLogger:50 - ================LogStarted=================
2018-02-27 11:34:26 [main] INFO  AppLogger:51 - Primary setup Started
2018-03-06 00:46:26 [main] INFO  AppLogger:50 - ================LogStarted=================
2018-03-06 00:46:26 [main] INFO  AppLogger:51 - Primary setup Started
2018-03-06 00:47:14 [main] INFO  AppLogger:62 - Login Successfull.
2018-03-06 00:47:21 [main] INFO  AppLogger:48 - Add Category button is displayed.
2018-03-06 00:47:21 [main] INFO  AppLogger:52 - Add Item button is displayed.
2018-03-06 00:47:21 [main] INFO  AppLogger:56 - Search Category box is displayed.
2018-03-06 00:47:21 [main] INFO  AppLogger:60 - Category grid is displayed.
2018-03-06 00:47:21 [main] INFO  AppLogger:27 - Unable to verify all elements in CategoryPage.
2018-03-06 00:47:21 [main] INFO  AppLogger:92 - A_1 test is Passed.
2018-03-06 00:47:31 [main] INFO  AppLogger:116 - Logout Successful
2018-03-06 00:47:32 [main] INFO  AppLogger:126 - ================LogEnded=================
2018-03-06 00:47:40 [main] INFO  AppLogger:134 - Email sent Successfully
2018-03-08 01:16:52 [main] INFO  AppLogger:50 - ================LogStarted=================
2018-03-08 01:17:37 [main] INFO  AppLogger:62 - Login Successful.
2018-03-08 01:17:45 [main] INFO  AppLogger:67 - Add Category button is displayed.
2018-03-08 01:17:45 [main] INFO  AppLogger:71 - Add Item button is displayed.
2018-03-08 01:17:45 [main] INFO  AppLogger:75 - Search Category box is displayed.
2018-03-08 01:17:45 [main] INFO  AppLogger:79 - Category grid is displayed.
2018-03-08 01:17:46 [main] INFO  AppLogger:100 - A_1 test is FAiled.
2018-03-08 01:17:48 [main] INFO  AppLogger:92 - New Category closed button is displayed.
2018-03-08 01:17:48 [main] INFO  AppLogger:97 - Category name label is displayed.
2018-03-08 01:17:48 [main] INFO  AppLogger:101 - Category name field is displayed.
2018-03-08 01:17:49 [main] INFO  AppLogger:105 - Add button is displayed in New CategoryWindow.
2018-03-08 01:17:49 [main] INFO  AppLogger:92 - A_2 test is Passed.
2018-03-08 01:18:00 [main] INFO  AppLogger:126 - ================LogEnded=================
2018-03-08 01:18:04 [main] INFO  AppLogger:134 - Email sent Successfully
